2024-12-27 03:01:30 DEBUG BooleanConverter:353 - Setting default value: false
2024-12-27 03:01:30 DEBUG BooleanConverter:140 - Converting 'Boolean' value 'false' to type 'Boolean'
2024-12-27 03:01:30 DEBUG BooleanConverter:162 -     No conversion required, value is already a Boolean
2024-12-27 03:01:30 DEBUG ByteConverter:353 - Setting default value: 0
2024-12-27 03:01:30 DEBUG ByteConverter:140 - Converting 'Integer' value '0' to type 'Byte'
2024-12-27 03:01:30 DEBUG ByteConverter:171 -     Converted to Byte value '0'
2024-12-27 03:01:30 DEBUG CharacterConverter:353 - Setting default value:  
2024-12-27 03:01:30 DEBUG CharacterConverter:140 - Converting 'Character' value ' ' to type 'Character'
2024-12-27 03:01:30 DEBUG CharacterConverter:162 -     No conversion required, value is already a Character
2024-12-27 03:01:30 DEBUG DoubleConverter:353 - Setting default value: 0
2024-12-27 03:01:30 DEBUG DoubleConverter:140 - Converting 'Integer' value '0' to type 'Double'
2024-12-27 03:01:30 DEBUG DoubleConverter:171 -     Converted to Double value '0.0'
2024-12-27 03:01:30 DEBUG FloatConverter:353 - Setting default value: 0
2024-12-27 03:01:30 DEBUG FloatConverter:140 - Converting 'Integer' value '0' to type 'Float'
2024-12-27 03:01:30 DEBUG FloatConverter:171 -     Converted to Float value '0.0'
2024-12-27 03:01:30 DEBUG IntegerConverter:353 - Setting default value: 0
2024-12-27 03:01:30 DEBUG IntegerConverter:140 - Converting 'Integer' value '0' to type 'Integer'
2024-12-27 03:01:30 DEBUG IntegerConverter:162 -     No conversion required, value is already a Integer
2024-12-27 03:01:30 DEBUG LongConverter:353 - Setting default value: 0
2024-12-27 03:01:30 DEBUG LongConverter:140 - Converting 'Integer' value '0' to type 'Long'
2024-12-27 03:01:30 DEBUG LongConverter:171 -     Converted to Long value '0'
2024-12-27 03:01:30 DEBUG ShortConverter:353 - Setting default value: 0
2024-12-27 03:01:30 DEBUG ShortConverter:140 - Converting 'Integer' value '0' to type 'Short'
2024-12-27 03:01:30 DEBUG ShortConverter:171 -     Converted to Short value '0'
2024-12-27 03:01:30 DEBUG BigDecimalConverter:353 - Setting default value: 0.0
2024-12-27 03:01:30 DEBUG BigDecimalConverter:140 - Converting 'BigDecimal' value '0.0' to type 'BigDecimal'
2024-12-27 03:01:30 DEBUG BigDecimalConverter:162 -     No conversion required, value is already a BigDecimal
2024-12-27 03:01:30 DEBUG BigIntegerConverter:353 - Setting default value: 0
2024-12-27 03:01:30 DEBUG BigIntegerConverter:140 - Converting 'BigInteger' value '0' to type 'BigInteger'
2024-12-27 03:01:30 DEBUG BigIntegerConverter:162 -     No conversion required, value is already a BigInteger
2024-12-27 03:01:30 DEBUG BooleanConverter:353 - Setting default value: false
2024-12-27 03:01:30 DEBUG BooleanConverter:140 - Converting 'Boolean' value 'false' to type 'Boolean'
2024-12-27 03:01:30 DEBUG BooleanConverter:162 -     No conversion required, value is already a Boolean
2024-12-27 03:01:30 DEBUG ByteConverter:353 - Setting default value: 0
2024-12-27 03:01:30 DEBUG ByteConverter:140 - Converting 'Integer' value '0' to type 'Byte'
2024-12-27 03:01:30 DEBUG ByteConverter:171 -     Converted to Byte value '0'
2024-12-27 03:01:30 DEBUG CharacterConverter:353 - Setting default value:  
2024-12-27 03:01:30 DEBUG CharacterConverter:140 - Converting 'Character' value ' ' to type 'Character'
2024-12-27 03:01:30 DEBUG CharacterConverter:162 -     No conversion required, value is already a Character
2024-12-27 03:01:30 DEBUG DoubleConverter:353 - Setting default value: 0
2024-12-27 03:01:30 DEBUG DoubleConverter:140 - Converting 'Integer' value '0' to type 'Double'
2024-12-27 03:01:30 DEBUG DoubleConverter:171 -     Converted to Double value '0.0'
2024-12-27 03:01:30 DEBUG FloatConverter:353 - Setting default value: 0
2024-12-27 03:01:30 DEBUG FloatConverter:140 - Converting 'Integer' value '0' to type 'Float'
2024-12-27 03:01:30 DEBUG FloatConverter:171 -     Converted to Float value '0.0'
2024-12-27 03:01:30 DEBUG IntegerConverter:353 - Setting default value: 0
2024-12-27 03:01:30 DEBUG IntegerConverter:140 - Converting 'Integer' value '0' to type 'Integer'
2024-12-27 03:01:30 DEBUG IntegerConverter:162 -     No conversion required, value is already a Integer
2024-12-27 03:01:30 DEBUG LongConverter:353 - Setting default value: 0
2024-12-27 03:01:30 DEBUG LongConverter:140 - Converting 'Integer' value '0' to type 'Long'
2024-12-27 03:01:30 DEBUG LongConverter:171 -     Converted to Long value '0'
2024-12-27 03:01:30 DEBUG ShortConverter:353 - Setting default value: 0
2024-12-27 03:01:30 DEBUG ShortConverter:140 - Converting 'Integer' value '0' to type 'Short'
2024-12-27 03:01:30 DEBUG ShortConverter:171 -     Converted to Short value '0'
2024-12-27 03:01:30 DEBUG StringConverter:353 - Setting default value: 
2024-12-27 03:01:30 DEBUG StringConverter:140 - Converting 'String' value '' to type 'String'
2024-12-27 03:01:30 DEBUG ArrayConverter:353 - Setting default value: [Z@556200ff
2024-12-27 03:01:30 DEBUG ArrayConverter:140 - Converting 'boolean[]' value '[Z@556200ff' to type 'boolean[]'
2024-12-27 03:01:30 DEBUG ArrayConverter:162 -     No conversion required, value is already a boolean[]
2024-12-27 03:01:30 DEBUG ArrayConverter:353 - Setting default value: [B@9550bc1
2024-12-27 03:01:30 DEBUG ArrayConverter:140 - Converting 'byte[]' value '[B@9550bc1' to type 'byte[]'
2024-12-27 03:01:30 DEBUG ArrayConverter:162 -     No conversion required, value is already a byte[]
2024-12-27 03:01:30 DEBUG ArrayConverter:353 - Setting default value: [C@2fb9c0df
2024-12-27 03:01:30 DEBUG ArrayConverter:140 - Converting 'char[]' value '[C@2fb9c0df' to type 'char[]'
2024-12-27 03:01:30 DEBUG ArrayConverter:162 -     No conversion required, value is already a char[]
2024-12-27 03:01:30 DEBUG ArrayConverter:353 - Setting default value: [D@1074a26a
2024-12-27 03:01:30 DEBUG ArrayConverter:140 - Converting 'double[]' value '[D@1074a26a' to type 'double[]'
2024-12-27 03:01:30 DEBUG ArrayConverter:162 -     No conversion required, value is already a double[]
2024-12-27 03:01:30 DEBUG ArrayConverter:353 - Setting default value: [F@55d43d63
2024-12-27 03:01:30 DEBUG ArrayConverter:140 - Converting 'float[]' value '[F@55d43d63' to type 'float[]'
2024-12-27 03:01:30 DEBUG ArrayConverter:162 -     No conversion required, value is already a float[]
2024-12-27 03:01:30 DEBUG ArrayConverter:353 - Setting default value: [I@747e2f1b
2024-12-27 03:01:30 DEBUG ArrayConverter:140 - Converting 'int[]' value '[I@747e2f1b' to type 'int[]'
2024-12-27 03:01:30 DEBUG ArrayConverter:162 -     No conversion required, value is already a int[]
2024-12-27 03:01:30 DEBUG ArrayConverter:353 - Setting default value: [J@15a0a673
2024-12-27 03:01:30 DEBUG ArrayConverter:140 - Converting 'long[]' value '[J@15a0a673' to type 'long[]'
2024-12-27 03:01:30 DEBUG ArrayConverter:162 -     No conversion required, value is already a long[]
2024-12-27 03:01:30 DEBUG ArrayConverter:353 - Setting default value: [S@2072315f
2024-12-27 03:01:30 DEBUG ArrayConverter:140 - Converting 'short[]' value '[S@2072315f' to type 'short[]'
2024-12-27 03:01:30 DEBUG ArrayConverter:162 -     No conversion required, value is already a short[]
2024-12-27 03:01:30 DEBUG ArrayConverter:353 - Setting default value: [Ljava.math.BigDecimal;@54393f17
2024-12-27 03:01:30 DEBUG ArrayConverter:140 - Converting 'BigDecimal[]' value '[Ljava.math.BigDecimal;@54393f17' to type 'BigDecimal[]'
2024-12-27 03:01:30 DEBUG ArrayConverter:162 -     No conversion required, value is already a BigDecimal[]
2024-12-27 03:01:30 DEBUG ArrayConverter:353 - Setting default value: [Ljava.math.BigInteger;@41397306
2024-12-27 03:01:30 DEBUG ArrayConverter:140 - Converting 'BigInteger[]' value '[Ljava.math.BigInteger;@41397306' to type 'BigInteger[]'
2024-12-27 03:01:30 DEBUG ArrayConverter:162 -     No conversion required, value is already a BigInteger[]
2024-12-27 03:01:30 DEBUG ArrayConverter:353 - Setting default value: [Ljava.lang.Boolean;@6d2c0239
2024-12-27 03:01:30 DEBUG ArrayConverter:140 - Converting 'Boolean[]' value '[Ljava.lang.Boolean;@6d2c0239' to type 'Boolean[]'
2024-12-27 03:01:30 DEBUG ArrayConverter:162 -     No conversion required, value is already a Boolean[]
2024-12-27 03:01:30 DEBUG ArrayConverter:353 - Setting default value: [Ljava.lang.Byte;@6099ddc7
2024-12-27 03:01:30 DEBUG ArrayConverter:140 - Converting 'Byte[]' value '[Ljava.lang.Byte;@6099ddc7' to type 'Byte[]'
2024-12-27 03:01:30 DEBUG ArrayConverter:162 -     No conversion required, value is already a Byte[]
2024-12-27 03:01:30 DEBUG ArrayConverter:353 - Setting default value: [Ljava.lang.Character;@12ce8691
2024-12-27 03:01:30 DEBUG ArrayConverter:140 - Converting 'Character[]' value '[Ljava.lang.Character;@12ce8691' to type 'Character[]'
2024-12-27 03:01:30 DEBUG ArrayConverter:162 -     No conversion required, value is already a Character[]
2024-12-27 03:01:30 DEBUG ArrayConverter:353 - Setting default value: [Ljava.lang.Double;@64215692
2024-12-27 03:01:30 DEBUG ArrayConverter:140 - Converting 'Double[]' value '[Ljava.lang.Double;@64215692' to type 'Double[]'
2024-12-27 03:01:30 DEBUG ArrayConverter:162 -     No conversion required, value is already a Double[]
2024-12-27 03:01:30 DEBUG ArrayConverter:353 - Setting default value: [Ljava.lang.Float;@2ce425f4
2024-12-27 03:01:30 DEBUG ArrayConverter:140 - Converting 'Float[]' value '[Ljava.lang.Float;@2ce425f4' to type 'Float[]'
2024-12-27 03:01:30 DEBUG ArrayConverter:162 -     No conversion required, value is already a Float[]
2024-12-27 03:01:30 DEBUG ArrayConverter:353 - Setting default value: [Ljava.lang.Integer;@2e1427b1
2024-12-27 03:01:30 DEBUG ArrayConverter:140 - Converting 'Integer[]' value '[Ljava.lang.Integer;@2e1427b1' to type 'Integer[]'
2024-12-27 03:01:30 DEBUG ArrayConverter:162 -     No conversion required, value is already a Integer[]
2024-12-27 03:01:30 DEBUG ArrayConverter:353 - Setting default value: [Ljava.lang.Long;@22a1633f
2024-12-27 03:01:30 DEBUG ArrayConverter:140 - Converting 'Long[]' value '[Ljava.lang.Long;@22a1633f' to type 'Long[]'
2024-12-27 03:01:30 DEBUG ArrayConverter:162 -     No conversion required, value is already a Long[]
2024-12-27 03:01:30 DEBUG ArrayConverter:353 - Setting default value: [Ljava.lang.Short;@14541822
2024-12-27 03:01:30 DEBUG ArrayConverter:140 - Converting 'Short[]' value '[Ljava.lang.Short;@14541822' to type 'Short[]'
2024-12-27 03:01:30 DEBUG ArrayConverter:162 -     No conversion required, value is already a Short[]
2024-12-27 03:01:30 DEBUG ArrayConverter:353 - Setting default value: [Ljava.lang.String;@32e3ac6c
2024-12-27 03:01:30 DEBUG ArrayConverter:140 - Converting 'String[]' value '[Ljava.lang.String;@32e3ac6c' to type 'String[]'
2024-12-27 03:01:30 DEBUG ArrayConverter:162 -     No conversion required, value is already a String[]
2024-12-27 03:01:30 DEBUG ArrayConverter:353 - Setting default value: [Ljava.lang.Class;@24da7cc3
2024-12-27 03:01:30 DEBUG ArrayConverter:140 - Converting 'Class[]' value '[Ljava.lang.Class;@24da7cc3' to type 'Class[]'
2024-12-27 03:01:30 DEBUG ArrayConverter:162 -     No conversion required, value is already a Class[]
2024-12-27 03:01:30 DEBUG ArrayConverter:353 - Setting default value: [Ljava.util.Date;@107bf572
2024-12-27 03:01:30 DEBUG ArrayConverter:140 - Converting 'Date[]' value '[Ljava.util.Date;@107bf572' to type 'Date[]'
2024-12-27 03:01:30 DEBUG ArrayConverter:162 -     No conversion required, value is already a Date[]
2024-12-27 03:01:30 DEBUG ArrayConverter:353 - Setting default value: [Ljava.util.Calendar;@304c03bb
2024-12-27 03:01:30 DEBUG ArrayConverter:140 - Converting 'Calendar[]' value '[Ljava.util.Calendar;@304c03bb' to type 'Calendar[]'
2024-12-27 03:01:30 DEBUG ArrayConverter:162 -     No conversion required, value is already a Calendar[]
2024-12-27 03:01:30 DEBUG ArrayConverter:353 - Setting default value: [Ljava.io.File;@898e0e2
2024-12-27 03:01:30 DEBUG ArrayConverter:140 - Converting 'java.io.File[]' value '[Ljava.io.File;@898e0e2' to type 'java.io.File[]'
2024-12-27 03:01:30 DEBUG ArrayConverter:162 -     No conversion required, value is already a java.io.File[]
2024-12-27 03:01:30 DEBUG ArrayConverter:353 - Setting default value: [Ljava.sql.Date;@5d189a21
2024-12-27 03:01:30 DEBUG ArrayConverter:140 - Converting 'java.sql.Date[]' value '[Ljava.sql.Date;@5d189a21' to type 'java.sql.Date[]'
2024-12-27 03:01:30 DEBUG ArrayConverter:162 -     No conversion required, value is already a java.sql.Date[]
2024-12-27 03:01:30 DEBUG ArrayConverter:353 - Setting default value: [Ljava.sql.Time;@6f5a6071
2024-12-27 03:01:30 DEBUG ArrayConverter:140 - Converting 'java.sql.Time[]' value '[Ljava.sql.Time;@6f5a6071' to type 'java.sql.Time[]'
2024-12-27 03:01:30 DEBUG ArrayConverter:162 -     No conversion required, value is already a java.sql.Time[]
2024-12-27 03:01:30 DEBUG ArrayConverter:353 - Setting default value: [Ljava.sql.Timestamp;@33d9341b
2024-12-27 03:01:30 DEBUG ArrayConverter:140 - Converting 'java.sql.Timestamp[]' value '[Ljava.sql.Timestamp;@33d9341b' to type 'java.sql.Timestamp[]'
2024-12-27 03:01:30 DEBUG ArrayConverter:162 -     No conversion required, value is already a java.sql.Timestamp[]
2024-12-27 03:01:30 DEBUG ArrayConverter:353 - Setting default value: [Ljava.net.URL;@7f1d416f
2024-12-27 03:01:30 DEBUG ArrayConverter:140 - Converting 'java.net.URL[]' value '[Ljava.net.URL;@7f1d416f' to type 'java.net.URL[]'
2024-12-27 03:01:30 DEBUG ArrayConverter:162 -     No conversion required, value is already a java.net.URL[]
2024-12-27 03:01:30 DEBUG BooleanConverter:353 - Setting default value: false
2024-12-27 03:01:30 DEBUG BooleanConverter:140 - Converting 'Boolean' value 'false' to type 'Boolean'
2024-12-27 03:01:30 DEBUG BooleanConverter:162 -     No conversion required, value is already a Boolean
2024-12-27 03:01:30 DEBUG ByteConverter:353 - Setting default value: 0
2024-12-27 03:01:30 DEBUG ByteConverter:140 - Converting 'Integer' value '0' to type 'Byte'
2024-12-27 03:01:30 DEBUG ByteConverter:171 -     Converted to Byte value '0'
2024-12-27 03:01:30 DEBUG CharacterConverter:353 - Setting default value:  
2024-12-27 03:01:30 DEBUG CharacterConverter:140 - Converting 'Character' value ' ' to type 'Character'
2024-12-27 03:01:30 DEBUG CharacterConverter:162 -     No conversion required, value is already a Character
2024-12-27 03:01:30 DEBUG DoubleConverter:353 - Setting default value: 0
2024-12-27 03:01:30 DEBUG DoubleConverter:140 - Converting 'Integer' value '0' to type 'Double'
2024-12-27 03:01:30 DEBUG DoubleConverter:171 -     Converted to Double value '0.0'
2024-12-27 03:01:30 DEBUG FloatConverter:353 - Setting default value: 0
2024-12-27 03:01:30 DEBUG FloatConverter:140 - Converting 'Integer' value '0' to type 'Float'
2024-12-27 03:01:30 DEBUG FloatConverter:171 -     Converted to Float value '0.0'
2024-12-27 03:01:30 DEBUG IntegerConverter:353 - Setting default value: 0
2024-12-27 03:01:30 DEBUG IntegerConverter:140 - Converting 'Integer' value '0' to type 'Integer'
2024-12-27 03:01:30 DEBUG IntegerConverter:162 -     No conversion required, value is already a Integer
2024-12-27 03:01:30 DEBUG LongConverter:353 - Setting default value: 0
2024-12-27 03:01:30 DEBUG LongConverter:140 - Converting 'Integer' value '0' to type 'Long'
2024-12-27 03:01:30 DEBUG LongConverter:171 -     Converted to Long value '0'
2024-12-27 03:01:30 DEBUG ShortConverter:353 - Setting default value: 0
2024-12-27 03:01:30 DEBUG ShortConverter:140 - Converting 'Integer' value '0' to type 'Short'
2024-12-27 03:01:30 DEBUG ShortConverter:171 -     Converted to Short value '0'
2024-12-27 03:01:30 DEBUG BigDecimalConverter:353 - Setting default value: 0.0
2024-12-27 03:01:30 DEBUG BigDecimalConverter:140 - Converting 'BigDecimal' value '0.0' to type 'BigDecimal'
2024-12-27 03:01:30 DEBUG BigDecimalConverter:162 -     No conversion required, value is already a BigDecimal
2024-12-27 03:01:30 DEBUG BigIntegerConverter:353 - Setting default value: 0
2024-12-27 03:01:30 DEBUG BigIntegerConverter:140 - Converting 'BigInteger' value '0' to type 'BigInteger'
2024-12-27 03:01:30 DEBUG BigIntegerConverter:162 -     No conversion required, value is already a BigInteger
2024-12-27 03:01:30 DEBUG BooleanConverter:353 - Setting default value: false
2024-12-27 03:01:30 DEBUG BooleanConverter:140 - Converting 'Boolean' value 'false' to type 'Boolean'
2024-12-27 03:01:30 DEBUG BooleanConverter:162 -     No conversion required, value is already a Boolean
2024-12-27 03:01:30 DEBUG ByteConverter:353 - Setting default value: 0
2024-12-27 03:01:30 DEBUG ByteConverter:140 - Converting 'Integer' value '0' to type 'Byte'
2024-12-27 03:01:30 DEBUG ByteConverter:171 -     Converted to Byte value '0'
2024-12-27 03:01:30 DEBUG CharacterConverter:353 - Setting default value:  
2024-12-27 03:01:30 DEBUG CharacterConverter:140 - Converting 'Character' value ' ' to type 'Character'
2024-12-27 03:01:30 DEBUG CharacterConverter:162 -     No conversion required, value is already a Character
2024-12-27 03:01:30 DEBUG DoubleConverter:353 - Setting default value: 0
2024-12-27 03:01:30 DEBUG DoubleConverter:140 - Converting 'Integer' value '0' to type 'Double'
2024-12-27 03:01:30 DEBUG DoubleConverter:171 -     Converted to Double value '0.0'
2024-12-27 03:01:30 DEBUG FloatConverter:353 - Setting default value: 0
2024-12-27 03:01:30 DEBUG FloatConverter:140 - Converting 'Integer' value '0' to type 'Float'
2024-12-27 03:01:30 DEBUG FloatConverter:171 -     Converted to Float value '0.0'
2024-12-27 03:01:30 DEBUG IntegerConverter:353 - Setting default value: 0
2024-12-27 03:01:30 DEBUG IntegerConverter:140 - Converting 'Integer' value '0' to type 'Integer'
2024-12-27 03:01:30 DEBUG IntegerConverter:162 -     No conversion required, value is already a Integer
2024-12-27 03:01:30 DEBUG LongConverter:353 - Setting default value: 0
2024-12-27 03:01:30 DEBUG LongConverter:140 - Converting 'Integer' value '0' to type 'Long'
2024-12-27 03:01:30 DEBUG LongConverter:171 -     Converted to Long value '0'
2024-12-27 03:01:30 DEBUG ShortConverter:353 - Setting default value: 0
2024-12-27 03:01:30 DEBUG ShortConverter:140 - Converting 'Integer' value '0' to type 'Short'
2024-12-27 03:01:30 DEBUG ShortConverter:171 -     Converted to Short value '0'
2024-12-27 03:01:30 DEBUG StringConverter:353 - Setting default value: 
2024-12-27 03:01:30 DEBUG StringConverter:140 - Converting 'String' value '' to type 'String'
2024-12-27 03:01:30 DEBUG ArrayConverter:353 - Setting default value: [Z@14b4edf4
2024-12-27 03:01:30 DEBUG ArrayConverter:140 - Converting 'boolean[]' value '[Z@14b4edf4' to type 'boolean[]'
2024-12-27 03:01:30 DEBUG ArrayConverter:162 -     No conversion required, value is already a boolean[]
2024-12-27 03:01:30 DEBUG ArrayConverter:353 - Setting default value: [B@45f86660
2024-12-27 03:01:30 DEBUG ArrayConverter:140 - Converting 'byte[]' value '[B@45f86660' to type 'byte[]'
2024-12-27 03:01:30 DEBUG ArrayConverter:162 -     No conversion required, value is already a byte[]
2024-12-27 03:01:30 DEBUG ArrayConverter:353 - Setting default value: [C@48bba7a5
2024-12-27 03:01:30 DEBUG ArrayConverter:140 - Converting 'char[]' value '[C@48bba7a5' to type 'char[]'
2024-12-27 03:01:30 DEBUG ArrayConverter:162 -     No conversion required, value is already a char[]
2024-12-27 03:01:30 DEBUG ArrayConverter:353 - Setting default value: [D@249087cf
2024-12-27 03:01:30 DEBUG ArrayConverter:140 - Converting 'double[]' value '[D@249087cf' to type 'double[]'
2024-12-27 03:01:30 DEBUG ArrayConverter:162 -     No conversion required, value is already a double[]
2024-12-27 03:01:30 DEBUG ArrayConverter:353 - Setting default value: [F@177815e4
2024-12-27 03:01:30 DEBUG ArrayConverter:140 - Converting 'float[]' value '[F@177815e4' to type 'float[]'
2024-12-27 03:01:30 DEBUG ArrayConverter:162 -     No conversion required, value is already a float[]
2024-12-27 03:01:30 DEBUG ArrayConverter:353 - Setting default value: [I@11b5ba0d
2024-12-27 03:01:30 DEBUG ArrayConverter:140 - Converting 'int[]' value '[I@11b5ba0d' to type 'int[]'
2024-12-27 03:01:30 DEBUG ArrayConverter:162 -     No conversion required, value is already a int[]
2024-12-27 03:01:30 DEBUG ArrayConverter:353 - Setting default value: [J@426b111
2024-12-27 03:01:30 DEBUG ArrayConverter:140 - Converting 'long[]' value '[J@426b111' to type 'long[]'
2024-12-27 03:01:30 DEBUG ArrayConverter:162 -     No conversion required, value is already a long[]
2024-12-27 03:01:30 DEBUG ArrayConverter:353 - Setting default value: [S@2428e0a5
2024-12-27 03:01:30 DEBUG ArrayConverter:140 - Converting 'short[]' value '[S@2428e0a5' to type 'short[]'
2024-12-27 03:01:30 DEBUG ArrayConverter:162 -     No conversion required, value is already a short[]
2024-12-27 03:01:30 DEBUG ArrayConverter:353 - Setting default value: [Ljava.math.BigDecimal;@732816f1
2024-12-27 03:01:30 DEBUG ArrayConverter:140 - Converting 'BigDecimal[]' value '[Ljava.math.BigDecimal;@732816f1' to type 'BigDecimal[]'
2024-12-27 03:01:30 DEBUG ArrayConverter:162 -     No conversion required, value is already a BigDecimal[]
2024-12-27 03:01:30 DEBUG ArrayConverter:353 - Setting default value: [Ljava.math.BigInteger;@4ff1af4b
2024-12-27 03:01:30 DEBUG ArrayConverter:140 - Converting 'BigInteger[]' value '[Ljava.math.BigInteger;@4ff1af4b' to type 'BigInteger[]'
2024-12-27 03:01:30 DEBUG ArrayConverter:162 -     No conversion required, value is already a BigInteger[]
2024-12-27 03:01:30 DEBUG ArrayConverter:353 - Setting default value: [Ljava.lang.Boolean;@7e6e219d
2024-12-27 03:01:30 DEBUG ArrayConverter:140 - Converting 'Boolean[]' value '[Ljava.lang.Boolean;@7e6e219d' to type 'Boolean[]'
2024-12-27 03:01:30 DEBUG ArrayConverter:162 -     No conversion required, value is already a Boolean[]
2024-12-27 03:01:30 DEBUG ArrayConverter:353 - Setting default value: [Ljava.lang.Byte;@1da0db3d
2024-12-27 03:01:30 DEBUG ArrayConverter:140 - Converting 'Byte[]' value '[Ljava.lang.Byte;@1da0db3d' to type 'Byte[]'
2024-12-27 03:01:30 DEBUG ArrayConverter:162 -     No conversion required, value is already a Byte[]
2024-12-27 03:01:30 DEBUG ArrayConverter:353 - Setting default value: [Ljava.lang.Character;@2e0cd9e6
2024-12-27 03:01:30 DEBUG ArrayConverter:140 - Converting 'Character[]' value '[Ljava.lang.Character;@2e0cd9e6' to type 'Character[]'
2024-12-27 03:01:30 DEBUG ArrayConverter:162 -     No conversion required, value is already a Character[]
2024-12-27 03:01:30 DEBUG ArrayConverter:353 - Setting default value: [Ljava.lang.Double;@6cc5a09b
2024-12-27 03:01:30 DEBUG ArrayConverter:140 - Converting 'Double[]' value '[Ljava.lang.Double;@6cc5a09b' to type 'Double[]'
2024-12-27 03:01:30 DEBUG ArrayConverter:162 -     No conversion required, value is already a Double[]
2024-12-27 03:01:30 DEBUG ArrayConverter:353 - Setting default value: [Ljava.lang.Float;@63280657
2024-12-27 03:01:30 DEBUG ArrayConverter:140 - Converting 'Float[]' value '[Ljava.lang.Float;@63280657' to type 'Float[]'
2024-12-27 03:01:30 DEBUG ArrayConverter:162 -     No conversion required, value is already a Float[]
2024-12-27 03:01:30 DEBUG ArrayConverter:353 - Setting default value: [Ljava.lang.Integer;@784a503c
2024-12-27 03:01:30 DEBUG ArrayConverter:140 - Converting 'Integer[]' value '[Ljava.lang.Integer;@784a503c' to type 'Integer[]'
2024-12-27 03:01:30 DEBUG ArrayConverter:162 -     No conversion required, value is already a Integer[]
2024-12-27 03:01:30 DEBUG ArrayConverter:353 - Setting default value: [Ljava.lang.Long;@30c1653a
2024-12-27 03:01:30 DEBUG ArrayConverter:140 - Converting 'Long[]' value '[Ljava.lang.Long;@30c1653a' to type 'Long[]'
2024-12-27 03:01:30 DEBUG ArrayConverter:162 -     No conversion required, value is already a Long[]
2024-12-27 03:01:30 DEBUG ArrayConverter:353 - Setting default value: [Ljava.lang.Short;@7141cac1
2024-12-27 03:01:30 DEBUG ArrayConverter:140 - Converting 'Short[]' value '[Ljava.lang.Short;@7141cac1' to type 'Short[]'
2024-12-27 03:01:30 DEBUG ArrayConverter:162 -     No conversion required, value is already a Short[]
2024-12-27 03:01:30 DEBUG ArrayConverter:353 - Setting default value: [Ljava.lang.String;@52f87000
2024-12-27 03:01:30 DEBUG ArrayConverter:140 - Converting 'String[]' value '[Ljava.lang.String;@52f87000' to type 'String[]'
2024-12-27 03:01:30 DEBUG ArrayConverter:162 -     No conversion required, value is already a String[]
2024-12-27 03:01:30 DEBUG ArrayConverter:353 - Setting default value: [Ljava.lang.Class;@789901d3
2024-12-27 03:01:30 DEBUG ArrayConverter:140 - Converting 'Class[]' value '[Ljava.lang.Class;@789901d3' to type 'Class[]'
2024-12-27 03:01:30 DEBUG ArrayConverter:162 -     No conversion required, value is already a Class[]
2024-12-27 03:01:30 DEBUG ArrayConverter:353 - Setting default value: [Ljava.util.Date;@43ca434f
2024-12-27 03:01:30 DEBUG ArrayConverter:140 - Converting 'Date[]' value '[Ljava.util.Date;@43ca434f' to type 'Date[]'
2024-12-27 03:01:30 DEBUG ArrayConverter:162 -     No conversion required, value is already a Date[]
2024-12-27 03:01:30 DEBUG ArrayConverter:353 - Setting default value: [Ljava.util.Calendar;@3c229e35
2024-12-27 03:01:30 DEBUG ArrayConverter:140 - Converting 'Calendar[]' value '[Ljava.util.Calendar;@3c229e35' to type 'Calendar[]'
2024-12-27 03:01:30 DEBUG ArrayConverter:162 -     No conversion required, value is already a Calendar[]
2024-12-27 03:01:30 DEBUG ArrayConverter:353 - Setting default value: [Ljava.io.File;@2dcb81c1
2024-12-27 03:01:30 DEBUG ArrayConverter:140 - Converting 'java.io.File[]' value '[Ljava.io.File;@2dcb81c1' to type 'java.io.File[]'
2024-12-27 03:01:30 DEBUG ArrayConverter:162 -     No conversion required, value is already a java.io.File[]
2024-12-27 03:01:30 DEBUG ArrayConverter:353 - Setting default value: [Ljava.sql.Date;@1d6c8a32
2024-12-27 03:01:30 DEBUG ArrayConverter:140 - Converting 'java.sql.Date[]' value '[Ljava.sql.Date;@1d6c8a32' to type 'java.sql.Date[]'
2024-12-27 03:01:30 DEBUG ArrayConverter:162 -     No conversion required, value is already a java.sql.Date[]
2024-12-27 03:01:30 DEBUG ArrayConverter:353 - Setting default value: [Ljava.sql.Time;@cad62eb
2024-12-27 03:01:30 DEBUG ArrayConverter:140 - Converting 'java.sql.Time[]' value '[Ljava.sql.Time;@cad62eb' to type 'java.sql.Time[]'
2024-12-27 03:01:30 DEBUG ArrayConverter:162 -     No conversion required, value is already a java.sql.Time[]
2024-12-27 03:01:30 DEBUG ArrayConverter:353 - Setting default value: [Ljava.sql.Timestamp;@24d6867d
2024-12-27 03:01:30 DEBUG ArrayConverter:140 - Converting 'java.sql.Timestamp[]' value '[Ljava.sql.Timestamp;@24d6867d' to type 'java.sql.Timestamp[]'
2024-12-27 03:01:30 DEBUG ArrayConverter:162 -     No conversion required, value is already a java.sql.Timestamp[]
2024-12-27 03:01:30 DEBUG ArrayConverter:353 - Setting default value: [Ljava.net.URL;@5562deaf
2024-12-27 03:01:30 DEBUG ArrayConverter:140 - Converting 'java.net.URL[]' value '[Ljava.net.URL;@5562deaf' to type 'java.net.URL[]'
2024-12-27 03:01:30 DEBUG ArrayConverter:162 -     No conversion required, value is already a java.net.URL[]
